[38;5;112m[Appium][0m Welcome to Appium v2.12.1
[38;5;112m[Appium][0m Non-default server args:
[38;5;112m[Appium][0m { basePath: [32m'/wd/hub'[39m, loglevel: [32m'info'[39m, port: [33m63094[39m }
[38;5;112m[Appium][0m Attempting to load driver uiautomator2...
[38;5;112m[Appium][0m Attempting to load driver chromium...
[38;5;112m[Appium][0m Attempting to load driver windows...
[38;5;112m[Appium][0m Appium REST http interface listener started on http://0.0.0.0:63094/wd/hub
[38;5;112m[Appium][0m You can provide the following URLs in your client code to connect to this server:
	http://192.168.68.56:63094/wd/hub
	http://127.0.0.1:63094/wd/hub (only accessible from the same host)
[38;5;112m[Appium][0m Available drivers:
[38;5;112m[Appium][0m   - uiautomator2@3.8.1 (automationName 'UiAutomator2')
[38;5;112m[Appium][0m   - chromium@1.4.4 (automationName 'Chromium')
[38;5;112m[Appium][0m   - windows@3.0.2 (automationName 'Windows')
[38;5;112m[Appium][0m No plugins have been installed. Use the "appium plugin" command to install the one(s) you want to use.
[38;5;86m[HTTP][0m [37m-->[39m [37mGET[39m [37m/wd/hub/status[39m [90m{}[39m
[38;5;86m[HTTP][0m [37m<-- GET /wd/hub/status [39m[32m200[39m [90m6 ms - 111[39m [90m[39m
[38;5;86m[HTTP][0m [37m-->[39m [37mGET[39m [37m/wd/hub/status[39m [90m{}[39m
[38;5;86m[HTTP][0m [37m<-- GET /wd/hub/status [39m[32m200[39m [90m1 ms - 111[39m [90m[39m
[38;5;86m[HTTP][0m [37m-->[39m [37mPOST[39m [37m/wd/hub/session[39m [90m{"desiredCapabilities":{"appium:systemPort":63162,"appium:newCommandTimeout":1800,"appium:automationName":"uiautomator2","appium:fullReset":false,"appium:platformVersion":"9","appium:noReset":true,"appium:udid":"emulator-5554","appium:autoGrantPermissions":true,"appium:platformName":"ANDROID","appium:deviceName":"emulator-5554 (AOSP on IA Emulator - Android 9)","platformName":"Android","appium:app":"C:\\Users\\rev\\OneDrive\\Documents\\Course\\Eduwork\\Section 11\\Apk Mobile\\Google Calculator_8.6.1.apk"},"capabilities":{"firstMatch":[{"appium:app":"C:\\Users\\rev\\OneDrive\\Documents\\Course\\Eduwork\\Section 11\\Apk Mobile\\Google Calculator_8.6.1.apk","appium:autoGrantPermissions":true,"appium:automationName":"uiautomator2","appium:deviceName":"emulator-5554 (AOSP on IA Emulator - Android 9)","appium:fullReset":false,"appium:newCommandTimeout":1800,"appium:noReset":true,"appium:platformName":"ANDROID","appium:platformVersion":"9","appium:systemPort":63162,"appium:udid":"emulator-5554","platformName":"an...[39m
[38;5;123m[BaseDriver][0m Ignoring capability 'appium:platformName=ANDROID' and using capability 'platformName=android'
[38;5;123m[BaseDriver][0m The capabilities ["platformName"] are standard capabilities and do not require "appium:" prefix
[38;5;112m[Appium][0m Attempting to find matching driver for automationName 'uiautomator2' and platformName 'android'
[38;5;112m[Appium][0m The 'uiautomator2' driver was installed and matched caps.
[38;5;112m[Appium][0m Will require it at C:\Users\rev\.appium\node_modules\appium-uiautomator2-driver
[38;5;42m[AppiumDriver@8031][0m Appium v2.12.1 creating new AndroidUiautomator2Driver (v3.8.1) session
[38;5;42m[AppiumDriver@8031][0m Checking BaseDriver versions for Appium and AndroidUiautomator2Driver
[38;5;42m[AppiumDriver@8031][0m Appium's BaseDriver version is 9.12.1
[38;5;42m[AppiumDriver@8031][0m AndroidUiautomator2Driver's BaseDriver version is 9.12.1
[38;5;178m[cf733a8a][0m[38;5;-51m[AndroidUiautomator2Driver@afa6][0m Session created with session id: cf733a8a-62c9-4344-a56e-2afe176003af
[38;5;178m[cf733a8a][0m[38;5;229m[ADB][0m Found 1 'build-tools' folders under 'C:\Users\rev\.katalon\tools\android_sdk' (newest first):
[38;5;178m[cf733a8a][0m[38;5;229m[ADB][0m     C:\Users\rev\.katalon\tools\android_sdk\build-tools\29.0.3
[38;5;178m[cf733a8a][0m[38;5;229m[ADB][0m Using 'adb.exe' from 'C:\Users\rev\.katalon\tools\android_sdk\platform-tools\adb.exe'
[38;5;178m[cf733a8a][0m[38;5;-51m[AndroidUiautomator2Driver@afa6][0m Retrieving device list
[38;5;178m[cf733a8a][0m[38;5;-51m[AndroidUiautomator2Driver@afa6][0m Using device: emulator-5554
[38;5;178m[cf733a8a][0m[38;5;229m[ADB][0m Using 'adb.exe' from 'C:\Users\rev\.katalon\tools\android_sdk\platform-tools\adb.exe'
[38;5;178m[cf733a8a][0m[38;5;123m[BaseDriver][0m Using local app 'C:\Users\rev\OneDrive\Documents\Course\Eduwork\Section 11\Apk Mobile\Google Calculator_8.6.1.apk'
[38;5;178m[cf733a8a][0m[38;5;229m[ADB][0m Getting device platform version
[38;5;178m[cf733a8a][0m[38;5;-51m[AndroidUiautomator2Driver@afa6][0m Relaxing hidden api policy
[38;5;178m[cf733a8a][0m[38;5;229m[ADB][0m Using 'aapt2.exe' from 'C:\Users\rev\.katalon\tools\android_sdk\build-tools\29.0.3\aapt2.exe'
[38;5;178m[cf733a8a][0m[38;5;229m[ADB][0m Package name: 'com.google.android.calculator'
[38;5;178m[cf733a8a][0m[38;5;229m[ADB][0m Main activity name: 'com.android.calculator2.Calculator'
[38;5;178m[cf733a8a][0m[38;5;229m[ADB][0m The application at 'C:\Users\rev\.appium\node_modules\appium-uiautomator2-driver\node_modules\io.appium.settings\apks\settings_apk-debug.apk' will not be cached, because the device under test has confirmed the support of streamed installs
[38;5;178m[cf733a8a][0m[38;5;229m[ADB][0m The installation of 'settings_apk-debug.apk' took 497ms
[38;5;178m[cf733a8a][0m[38;5;-51m[AndroidUiautomator2Driver@afa6][0m Server packages are going to be (re)installed
[38;5;178m[cf733a8a][0m[38;5;229m[ADB][0m Using 'apksigner.jar' from 'C:\Users\rev\.katalon\tools\android_sdk\build-tools\29.0.3\lib\apksigner.jar'
[38;5;178m[cf733a8a][0m[38;5;229m[ADB][0m The application at 'C:\Users\rev\.appium\node_modules\appium-uiautomator2-driver\node_modules\appium-uiautomator2-server\apks\appium-uiautomator2-server-v7.1.1.apk' will not be cached, because the device under test has confirmed the support of streamed installs
[38;5;178m[cf733a8a][0m[38;5;229m[ADB][0m The application at 'C:\Users\rev\.appium\node_modules\appium-uiautomator2-driver\node_modules\appium-uiautomator2-server\apks\appium-uiautomator2-server-debug-androidTest.apk' will not be cached, because the device under test has confirmed the support of streamed installs
[38;5;178m[cf733a8a][0m[38;5;229m[ADB][0m The installation of 'appium-uiautomator2-server-debug-androidTest.apk' took 657ms
[38;5;178m[cf733a8a][0m[38;5;229m[ADB][0m 'C:\Users\rev\OneDrive\Documents\Course\Eduwork\Section 11\Apk Mobile\Google Calculator_8.6.1.apk' is signed with the default certificate
[38;5;178m[cf733a8a][0m[38;5;229m[ADB][0m The application at 'C:\Users\rev\OneDrive\Documents\Course\Eduwork\Section 11\Apk Mobile\Google Calculator_8.6.1.apk' will not be cached, because the device under test has confirmed the support of streamed installs
[38;5;178m[cf733a8a][0m[38;5;229m[ADB][0m The installation of 'Google Calculator_8.6.1.apk' took 1633ms
[38;5;178m[cf733a8a][0m[38;5;229m[ADB][0m The installation of 'appium-uiautomator2-server-v7.1.1.apk' took 2657ms
[38;5;178m[cf733a8a][0m[38;5;229m[ADB][0m Adding packages ["io.appium.settings","io.appium.uiautomator2.server","io.appium.uiautomator2.server.test"] to Doze whitelist
[38;5;178m[cf733a8a][0m[38;5;-51m[AndroidUiautomator2Driver@afa6][0m Starting UIAutomator2 server 7.1.1
[38;5;178m[cf733a8a][0m[38;5;-51m[AndroidUiautomator2Driver@afa6][0m Using UIAutomator2 server from 'C:\Users\rev\.appium\node_modules\appium-uiautomator2-driver\node_modules\appium-uiautomator2-server\apks\appium-uiautomator2-server-v7.1.1.apk' and test from 'C:\Users\rev\.appium\node_modules\appium-uiautomator2-driver\node_modules\appium-uiautomator2-server\apks\appium-uiautomator2-server-debug-androidTest.apk'
[38;5;178m[cf733a8a][0m[38;5;-51m[AndroidUiautomator2Driver@afa6][0m Waiting up to 30000ms for UiAutomator2 to be online...
[38;5;178m[cf733a8a][0m[38;5;-51m[AndroidUiautomator2Driver@afa6][0m socket hang up
[38;5;178m[cf733a8a][0m[38;5;-51m[AndroidUiautomator2Driver@afa6][0m socket hang up
[38;5;178m[cf733a8a][0m[38;5;-51m[AndroidUiautomator2Driver@afa6][0m socket hang up
[38;5;178m[cf733a8a][0m[38;5;-51m[AndroidUiautomator2Driver@afa6][0m Determined the downstream protocol as 'W3C'
[38;5;178m[cf733a8a][0m[38;5;-51m[AndroidUiautomator2Driver@afa6][0m Screen already unlocked, doing nothing
[38;5;178m[cf733a8a][0m[38;5;-51m[AndroidUiautomator2Driver@afa6][0m Starting 'com.google.android.calculator/com.android.calculator2.Calculator and waiting for 'com.google.android.calculator/com.android.calculator2.Calculator'
[38;5;178m[cf733a8a][0m[38;5;42m[AppiumDriver@8031][0m New AndroidUiautomator2Driver session created successfully, session cf733a8a-62c9-4344-a56e-2afe176003af added to master session list
[38;5;178m[cf733a8a][0m[38;5;86m[HTTP][0m [37m<-- POST /wd/hub/session [39m[32m200[39m [90m12000 ms - 1337[39m [90m[39m
[38;5;178m[cf733a8a][0m[38;5;86m[HTTP][0m [37m-->[39m [37mGET[39m [37m/wd/hub/session/cf733a8a-62c9-4344-a56e-2afe176003af[39m [90m{}[39m
[38;5;178m[cf733a8a][0m[38;5;86m[HTTP][0m [37m<-- GET /wd/hub/session/cf733a8a-62c9-4344-a56e-2afe176003af [39m[32m200[39m [90m35 ms - 417[39m [90m[39m
[38;5;178m[cf733a8a][0m[38;5;86m[HTTP][0m [37m-->[39m [37mGET[39m [37m/wd/hub/session/cf733a8a-62c9-4344-a56e-2afe176003af[39m [90m{}[39m
[38;5;178m[cf733a8a][0m[38;5;86m[HTTP][0m [37m<-- GET /wd/hub/session/cf733a8a-62c9-4344-a56e-2afe176003af [39m[32m200[39m [90m19 ms - 417[39m [90m[39m
[38;5;86m[HTTP][0m [37m-->[39m [37mGET[39m [37m/wd/hub/status[39m [90m{}[39m
[38;5;86m[HTTP][0m [37m<-- GET /wd/hub/status [39m[32m200[39m [90m1 ms - 111[39m [90m[39m
[38;5;178m[cf733a8a][0m[38;5;86m[HTTP][0m [37m-->[39m [37mPOST[39m [37m/wd/hub/session/cf733a8a-62c9-4344-a56e-2afe176003af/timeouts[39m [90m{"implicit":60000}[39m
[38;5;178m[cf733a8a][0m[38;5;86m[HTTP][0m [37m<-- POST /wd/hub/session/cf733a8a-62c9-4344-a56e-2afe176003af/timeouts [39m[32m200[39m [90m3 ms - 14[39m [90m[39m
[38;5;178m[cf733a8a][0m[38;5;86m[HTTP][0m [37m-->[39m [37mGET[39m [37m/wd/hub/session/cf733a8a-62c9-4344-a56e-2afe176003af/source[39m [90m{}[39m
[38;5;178m[cf733a8a][0m[38;5;-51m[AndroidUiautomator2Driver@afa6][0m Driver proxy active, passing request on via HTTP proxy
[38;5;178m[cf733a8a][0m[38;5;-51m[AndroidUiautomator2Driver@afa6][0m Replacing sessionId b6488604-38c0-4f4e-8123-91b40e1c0af8 with cf733a8a-62c9-4344-a56e-2afe176003af
[38;5;178m[cf733a8a][0m[38;5;86m[HTTP][0m [37m<-- GET /wd/hub/session/cf733a8a-62c9-4344-a56e-2afe176003af/source [39m[32m200[39m [90m544 ms - 20078[39m [90m[39m
[38;5;178m[cf733a8a][0m[38;5;86m[HTTP][0m [37m-->[39m [37mGET[39m [37m/wd/hub/session/cf733a8a-62c9-4344-a56e-2afe176003af/screenshot[39m [90m{}[39m
[38;5;178m[cf733a8a][0m[38;5;86m[HTTP][0m [37m<-- GET /wd/hub/session/cf733a8a-62c9-4344-a56e-2afe176003af/screenshot [39m[32m200[39m [90m328 ms - 179252[39m [90m[39m
[38;5;178m[cf733a8a][0m[38;5;86m[HTTP][0m [37m-->[39m [37mGET[39m [37m/wd/hub/session/cf733a8a-62c9-4344-a56e-2afe176003af/source[39m [90m{}[39m
[38;5;178m[cf733a8a][0m[38;5;-51m[AndroidUiautomator2Driver@afa6][0m Driver proxy active, passing request on via HTTP proxy
[38;5;178m[cf733a8a][0m[38;5;-51m[AndroidUiautomator2Driver@afa6][0m Replacing sessionId b6488604-38c0-4f4e-8123-91b40e1c0af8 with cf733a8a-62c9-4344-a56e-2afe176003af
[38;5;178m[cf733a8a][0m[38;5;86m[HTTP][0m [37m<-- GET /wd/hub/session/cf733a8a-62c9-4344-a56e-2afe176003af/source [39m[32m200[39m [90m331 ms - 20051[39m [90m[39m
[38;5;178m[cf733a8a][0m[38;5;86m[HTTP][0m [37m-->[39m [37mGET[39m [37m/wd/hub/session/cf733a8a-62c9-4344-a56e-2afe176003af/screenshot[39m [90m{}[39m
[38;5;178m[cf733a8a][0m[38;5;86m[HTTP][0m [37m<-- GET /wd/hub/session/cf733a8a-62c9-4344-a56e-2afe176003af/screenshot [39m[32m200[39m [90m311 ms - 177824[39m [90m[39m
[38;5;178m[cf733a8a][0m[38;5;86m[HTTP][0m [37m-->[39m [37mGET[39m [37m/wd/hub/session/cf733a8a-62c9-4344-a56e-2afe176003af/source[39m [90m{}[39m
[38;5;178m[cf733a8a][0m[38;5;-51m[AndroidUiautomator2Driver@afa6][0m Driver proxy active, passing request on via HTTP proxy
[38;5;178m[cf733a8a][0m[38;5;-51m[AndroidUiautomator2Driver@afa6][0m Replacing sessionId b6488604-38c0-4f4e-8123-91b40e1c0af8 with cf733a8a-62c9-4344-a56e-2afe176003af
[38;5;178m[cf733a8a][0m[38;5;86m[HTTP][0m [37m<-- GET /wd/hub/session/cf733a8a-62c9-4344-a56e-2afe176003af/source [39m[32m200[39m [90m218 ms - 20078[39m [90m[39m
[38;5;178m[cf733a8a][0m[38;5;86m[HTTP][0m [37m-->[39m [37mGET[39m [37m/wd/hub/session/cf733a8a-62c9-4344-a56e-2afe176003af/screenshot[39m [90m{}[39m
[38;5;178m[cf733a8a][0m[38;5;86m[HTTP][0m [37m<-- GET /wd/hub/session/cf733a8a-62c9-4344-a56e-2afe176003af/screenshot [39m[32m200[39m [90m290 ms - 173204[39m [90m[39m
[38;5;178m[cf733a8a][0m[38;5;86m[HTTP][0m [37m-->[39m [37mPOST[39m [37m/wd/hub/session/cf733a8a-62c9-4344-a56e-2afe176003af/elements[39m [90m{"using":"xpath","value":"//*[@class = 'android.widget.ImageButton' and @resource-id = 'com.google.android.calculator:id/digit_7' and (@text = '' or . = '')]"}[39m
[38;5;178m[cf733a8a][0m[38;5;86m[HTTP][0m [37m<-- POST /wd/hub/session/cf733a8a-62c9-4344-a56e-2afe176003af/elements [39m[32m200[39m [90m613 ms - 139[39m [90m[39m
[38;5;178m[cf733a8a][0m[38;5;86m[HTTP][0m [37m-->[39m [37mGET[39m [37m/wd/hub/session/cf733a8a-62c9-4344-a56e-2afe176003af/source[39m [90m{}[39m
[38;5;178m[cf733a8a][0m[38;5;-51m[AndroidUiautomator2Driver@afa6][0m Driver proxy active, passing request on via HTTP proxy
[38;5;178m[cf733a8a][0m[38;5;-51m[AndroidUiautomator2Driver@afa6][0m Replacing sessionId b6488604-38c0-4f4e-8123-91b40e1c0af8 with cf733a8a-62c9-4344-a56e-2afe176003af
[38;5;178m[cf733a8a][0m[38;5;86m[HTTP][0m [37m<-- GET /wd/hub/session/cf733a8a-62c9-4344-a56e-2afe176003af/source [39m[32m200[39m [90m156 ms - 20078[39m [90m[39m
[38;5;178m[cf733a8a][0m[38;5;86m[HTTP][0m [37m-->[39m [37mGET[39m [37m/wd/hub/session/cf733a8a-62c9-4344-a56e-2afe176003af/screenshot[39m [90m{}[39m
[38;5;178m[cf733a8a][0m[38;5;86m[HTTP][0m [37m<-- GET /wd/hub/session/cf733a8a-62c9-4344-a56e-2afe176003af/screenshot [39m[32m200[39m [90m260 ms - 172296[39m [90m[39m
[38;5;178m[cf733a8a][0m[38;5;86m[HTTP][0m [37m-->[39m [37mPOST[39m [37m/wd/hub/session/cf733a8a-62c9-4344-a56e-2afe176003af/elements[39m [90m{"using":"xpath","value":"//*[@class = 'android.widget.ImageButton' and @resource-id = 'com.google.android.calculator:id/op_mul' and (@text = '' or . = '')]"}[39m
[38;5;178m[cf733a8a][0m[38;5;86m[HTTP][0m [37m<-- POST /wd/hub/session/cf733a8a-62c9-4344-a56e-2afe176003af/elements [39m[32m200[39m [90m179 ms - 139[39m [90m[39m
[38;5;178m[cf733a8a][0m[38;5;86m[HTTP][0m [37m-->[39m [37mGET[39m [37m/wd/hub/session/cf733a8a-62c9-4344-a56e-2afe176003af/source[39m [90m{}[39m
[38;5;178m[cf733a8a][0m[38;5;-51m[AndroidUiautomator2Driver@afa6][0m Driver proxy active, passing request on via HTTP proxy
[38;5;178m[cf733a8a][0m[38;5;-51m[AndroidUiautomator2Driver@afa6][0m Replacing sessionId b6488604-38c0-4f4e-8123-91b40e1c0af8 with cf733a8a-62c9-4344-a56e-2afe176003af
[38;5;178m[cf733a8a][0m[38;5;86m[HTTP][0m [37m<-- GET /wd/hub/session/cf733a8a-62c9-4344-a56e-2afe176003af/source [39m[32m200[39m [90m170 ms - 20078[39m [90m[39m
[38;5;178m[cf733a8a][0m[38;5;86m[HTTP][0m [37m-->[39m [37mGET[39m [37m/wd/hub/session/cf733a8a-62c9-4344-a56e-2afe176003af/screenshot[39m [90m{}[39m
[38;5;178m[cf733a8a][0m[38;5;86m[HTTP][0m [37m<-- GET /wd/hub/session/cf733a8a-62c9-4344-a56e-2afe176003af/screenshot [39m[32m200[39m [90m273 ms - 172296[39m [90m[39m
[38;5;178m[cf733a8a][0m[38;5;86m[HTTP][0m [37m-->[39m [37mPOST[39m [37m/wd/hub/session/cf733a8a-62c9-4344-a56e-2afe176003af/elements[39m [90m{"using":"xpath","value":"//*[@class = 'android.widget.ImageButton' and @resource-id = 'com.google.android.calculator:id/digit_1' and (@text = '' or . = '')]"}[39m
[38;5;178m[cf733a8a][0m[38;5;86m[HTTP][0m [37m<-- POST /wd/hub/session/cf733a8a-62c9-4344-a56e-2afe176003af/elements [39m[32m200[39m [90m165 ms - 139[39m [90m[39m
[38;5;178m[cf733a8a][0m[38;5;86m[HTTP][0m [37m-->[39m [37mGET[39m [37m/wd/hub/session/cf733a8a-62c9-4344-a56e-2afe176003af/source[39m [90m{}[39m
[38;5;178m[cf733a8a][0m[38;5;-51m[AndroidUiautomator2Driver@afa6][0m Driver proxy active, passing request on via HTTP proxy
[38;5;178m[cf733a8a][0m[38;5;-51m[AndroidUiautomator2Driver@afa6][0m Replacing sessionId b6488604-38c0-4f4e-8123-91b40e1c0af8 with cf733a8a-62c9-4344-a56e-2afe176003af
[38;5;178m[cf733a8a][0m[38;5;86m[HTTP][0m [37m<-- GET /wd/hub/session/cf733a8a-62c9-4344-a56e-2afe176003af/source [39m[32m200[39m [90m138 ms - 20078[39m [90m[39m
[38;5;178m[cf733a8a][0m[38;5;86m[HTTP][0m [37m-->[39m [37mGET[39m [37m/wd/hub/session/cf733a8a-62c9-4344-a56e-2afe176003af/screenshot[39m [90m{}[39m
[38;5;178m[cf733a8a][0m[38;5;86m[HTTP][0m [37m<-- GET /wd/hub/session/cf733a8a-62c9-4344-a56e-2afe176003af/screenshot [39m[32m200[39m [90m267 ms - 173180[39m [90m[39m
[38;5;178m[cf733a8a][0m[38;5;86m[HTTP][0m [37m-->[39m [37mPOST[39m [37m/wd/hub/session/cf733a8a-62c9-4344-a56e-2afe176003af/elements[39m [90m{"using":"xpath","value":"//*[@class = 'android.widget.ImageButton' and @resource-id = 'com.google.android.calculator:id/digit_5' and (@text = '' or . = '')]"}[39m
[38;5;178m[cf733a8a][0m[38;5;86m[HTTP][0m [37m<-- POST /wd/hub/session/cf733a8a-62c9-4344-a56e-2afe176003af/elements [39m[32m200[39m [90m122 ms - 139[39m [90m[39m
[38;5;178m[cf733a8a][0m[38;5;86m[HTTP][0m [37m-->[39m [37mGET[39m [37m/wd/hub/session/cf733a8a-62c9-4344-a56e-2afe176003af/source[39m [90m{}[39m
[38;5;178m[cf733a8a][0m[38;5;-51m[AndroidUiautomator2Driver@afa6][0m Driver proxy active, passing request on via HTTP proxy
[38;5;178m[cf733a8a][0m[38;5;-51m[AndroidUiautomator2Driver@afa6][0m Replacing sessionId b6488604-38c0-4f4e-8123-91b40e1c0af8 with cf733a8a-62c9-4344-a56e-2afe176003af
[38;5;178m[cf733a8a][0m[38;5;86m[HTTP][0m [37m<-- GET /wd/hub/session/cf733a8a-62c9-4344-a56e-2afe176003af/source [39m[32m200[39m [90m137 ms - 20078[39m [90m[39m
[38;5;178m[cf733a8a][0m[38;5;86m[HTTP][0m [37m-->[39m [37mGET[39m [37m/wd/hub/session/cf733a8a-62c9-4344-a56e-2afe176003af/screenshot[39m [90m{}[39m
[38;5;178m[cf733a8a][0m[38;5;86m[HTTP][0m [37m<-- GET /wd/hub/session/cf733a8a-62c9-4344-a56e-2afe176003af/screenshot [39m[32m200[39m [90m276 ms - 172284[39m [90m[39m
[38;5;178m[cf733a8a][0m[38;5;86m[HTTP][0m [37m-->[39m [37mPOST[39m [37m/wd/hub/session/cf733a8a-62c9-4344-a56e-2afe176003af/elements[39m [90m{"using":"xpath","value":"//*[@class = 'android.widget.ImageButton' and @resource-id = 'com.google.android.calculator:id/eq' and (@text = '' or . = '')]"}[39m
[38;5;178m[cf733a8a][0m[38;5;86m[HTTP][0m [37m<-- POST /wd/hub/session/cf733a8a-62c9-4344-a56e-2afe176003af/elements [39m[32m200[39m [90m126 ms - 139[39m [90m[39m
[38;5;178m[cf733a8a][0m[38;5;86m[HTTP][0m [37m-->[39m [37mGET[39m [37m/wd/hub/session/cf733a8a-62c9-4344-a56e-2afe176003af/source[39m [90m{}[39m
[38;5;178m[cf733a8a][0m[38;5;-51m[AndroidUiautomator2Driver@afa6][0m Driver proxy active, passing request on via HTTP proxy
[38;5;178m[cf733a8a][0m[38;5;-51m[AndroidUiautomator2Driver@afa6][0m Replacing sessionId b6488604-38c0-4f4e-8123-91b40e1c0af8 with cf733a8a-62c9-4344-a56e-2afe176003af
[38;5;178m[cf733a8a][0m[38;5;86m[HTTP][0m [37m<-- GET /wd/hub/session/cf733a8a-62c9-4344-a56e-2afe176003af/source [39m[32m200[39m [90m136 ms - 20078[39m [90m[39m
[38;5;178m[cf733a8a][0m[38;5;86m[HTTP][0m [37m-->[39m [37mGET[39m [37m/wd/hub/session/cf733a8a-62c9-4344-a56e-2afe176003af/screenshot[39m [90m{}[39m
[38;5;178m[cf733a8a][0m[38;5;86m[HTTP][0m [37m<-- GET /wd/hub/session/cf733a8a-62c9-4344-a56e-2afe176003af/screenshot [39m[32m200[39m [90m290 ms - 172256[39m [90m[39m
[38;5;178m[cf733a8a][0m[38;5;86m[HTTP][0m [37m-->[39m [37mDELETE[39m [37m/wd/hub/session/cf733a8a-62c9-4344-a56e-2afe176003af[39m [90m{}[39m
[38;5;178m[cf733a8a][0m[38;5;42m[AppiumDriver@8031][0m Removing session cf733a8a-62c9-4344-a56e-2afe176003af from our master session list
[38;5;178m[cf733a8a][0m[38;5;-51m[AndroidUiautomator2Driver@afa6][0m Restoring hidden api policy to the device default configuration
[38;5;178m[cf733a8a][0m[38;5;86m[HTTP][0m [37m<-- DELETE /wd/hub/session/cf733a8a-62c9-4344-a56e-2afe176003af [39m[32m200[39m [90m163 ms - 14[39m [90m[39m
